2018-02-01 23:15:21,131 INFO o.a.j.u.JMeterUtils: Setting Locale to en_EC
2018-02-01 23:15:21,155 INFO o.a.j.JMeter: Loading user properties from: user.properties
2018-02-01 23:15:21,156 INFO o.a.j.JMeter: Loading system properties from: system.properties
2018-02-01 23:15:21,165 INFO o.a.j.JMeter: Copyright (c) 1998-2017 The Apache Software Foundation
2018-02-01 23:15:21,165 INFO o.a.j.JMeter: Version 3.3 r1808647
2018-02-01 23:15:21,165 INFO o.a.j.JMeter: java.version=1.8.0_152
2018-02-01 23:15:21,165 INFO o.a.j.JMeter: java.vm.name=Java HotSpot(TM) 64-Bit Server VM
2018-02-01 23:15:21,165 INFO o.a.j.JMeter: os.name=Mac OS X
2018-02-01 23:15:21,165 INFO o.a.j.JMeter: os.arch=x86_64
2018-02-01 23:15:21,165 INFO o.a.j.JMeter: os.version=10.13.2
2018-02-01 23:15:21,165 INFO o.a.j.JMeter: file.encoding=UTF-8
2018-02-01 23:15:21,166 INFO o.a.j.JMeter: Max memory     =536870912
2018-02-01 23:15:21,166 INFO o.a.j.JMeter: Available Processors =4
2018-02-01 23:15:21,173 INFO o.a.j.JMeter: Default Locale=English (Ecuador)
2018-02-01 23:15:21,173 INFO o.a.j.JMeter: JMeter  Locale=English (Ecuador)
2018-02-01 23:15:21,173 INFO o.a.j.JMeter: JMeterHome=/Users/alexis/www/jmeter
2018-02-01 23:15:21,173 INFO o.a.j.JMeter: user.dir  =/Users/alexis/www/jmeter/bin
2018-02-01 23:15:21,174 INFO o.a.j.JMeter: PWD       =/Users/alexis/www/jmeter/bin
2018-02-01 23:15:21,175 INFO o.a.j.JMeter: IP: 192.168.2.7 Name: Alexiss-MacBook-Pro.local FullName: 192.168.2.7
2018-02-01 23:15:21,176 INFO o.a.j.JMeter: Set http[s].proxyHost: localhost Port: 3000
2018-02-01 23:15:21,179 INFO o.a.j.s.FileServer: Default base='/Users/alexis/www/jmeter/bin'
2018-02-01 23:15:21,179 INFO o.a.j.s.FileServer: Set new base='/Users/alexis/www/myapps/node2micro/monolith'
2018-02-01 23:15:21,442 INFO o.a.j.s.SaveService: Testplan (JMX) version: 2.2. Testlog (JTL) version: 2.2
2018-02-01 23:15:21,482 INFO o.a.j.s.SaveService: Using SaveService properties file encoding UTF-8
2018-02-01 23:15:21,489 INFO o.a.j.s.SaveService: Using SaveService properties version 3.2
2018-02-01 23:15:21,508 INFO o.a.j.s.SaveService: Loading file: /Users/alexis/www/myapps/node2micro/monolith/jmLoadTest.jmx
2018-02-01 23:15:21,567 INFO o.a.j.p.h.s.HTTPSamplerBase: Parser for text/html is org.apache.jmeter.protocol.http.parser.LagartoBasedHtmlParser
2018-02-01 23:15:21,567 INFO o.a.j.p.h.s.HTTPSamplerBase: Parser for application/xhtml+xml is org.apache.jmeter.protocol.http.parser.LagartoBasedHtmlParser
2018-02-01 23:15:21,568 INFO o.a.j.p.h.s.HTTPSamplerBase: Parser for application/xml is org.apache.jmeter.protocol.http.parser.LagartoBasedHtmlParser
2018-02-01 23:15:21,568 INFO o.a.j.p.h.s.HTTPSamplerBase: Parser for text/xml is org.apache.jmeter.protocol.http.parser.LagartoBasedHtmlParser
2018-02-01 23:15:21,568 INFO o.a.j.p.h.s.HTTPSamplerBase: Parser for text/vnd.wap.wml is org.apache.jmeter.protocol.http.parser.RegexpHTMLParser
2018-02-01 23:15:21,568 INFO o.a.j.p.h.s.HTTPSamplerBase: Parser for text/css is org.apache.jmeter.protocol.http.parser.CssParser
2018-02-01 23:15:21,609 INFO o.a.j.s.SampleResult: Note: Sample TimeStamps are START times
2018-02-01 23:15:21,609 INFO o.a.j.s.SampleResult: sampleresult.default.encoding is set to ISO-8859-1
2018-02-01 23:15:21,609 INFO o.a.j.s.SampleResult: sampleresult.useNanoTime=true
2018-02-01 23:15:21,610 INFO o.a.j.s.SampleResult: sampleresult.nanoThreadSleep=5000
2018-02-01 23:15:21,630 INFO o.a.j.JMeter: Creating summariser <summary>
2018-02-01 23:15:21,636 INFO o.a.j.e.StandardJMeterEngine: Running the test!
2018-02-01 23:15:21,637 INFO o.a.j.s.SampleEvent: List of sample_variables: []
2018-02-01 23:15:21,637 INFO o.a.j.s.SampleEvent: List of sample_variables: []
2018-02-01 23:15:21,642 INFO o.a.j.e.u.CompoundVariable: Note: Function class names must contain the string: '.functions.'
2018-02-01 23:15:21,642 INFO o.a.j.e.u.CompoundVariable: Note: Function class names must not contain the string: '.gui.'
2018-02-01 23:15:22,246 INFO o.a.j.v.b.BackendListener: Backend Listener: Starting worker with class: class org.apache.jmeter.visualizers.backend.graphite.GraphiteBackendListenerClient and queue capacity: 5000
2018-02-01 23:15:22,248 INFO o.a.j.v.b.BackendListener: Backend Listener: Started  worker with class: class org.apache.jmeter.visualizers.backend.graphite.GraphiteBackendListenerClient
2018-02-01 23:15:22,276 INFO o.a.j.v.b.g.TextGraphiteMetricsSender: Created TextGraphiteMetricsSender with host: , port: 2003, prefix: jmeter.
2018-02-01 23:15:22,317 INFO o.a.j.JMeter: Running test (1517544922317)
2018-02-01 23:15:22,365 INFO o.a.j.e.StandardJMeterEngine: Starting ThreadGroup: 1 : Scenario - Generate Data
2018-02-01 23:15:22,365 INFO o.a.j.e.StandardJMeterEngine: Starting 1 threads for group Scenario - Generate Data.
2018-02-01 23:15:22,365 INFO o.a.j.e.StandardJMeterEngine: Thread will continue on error
2018-02-01 23:15:22,368 INFO o.a.j.t.ThreadGroup: Starting thread group... number=1 threads=1 ramp-up=1 perThread=1000.0 delayedStart=false
2018-02-01 23:15:22,373 INFO o.a.j.t.ThreadGroup: Started thread group number 1
2018-02-01 23:15:22,374 INFO o.a.j.e.StandardJMeterEngine: Waiting for thread group: Scenario - Generate Data to finish before starting next group
2018-02-01 23:15:22,376 INFO o.a.j.t.JMeterThread: Thread started: Scenario - Generate Data 1-1
2018-02-01 23:15:22,408 INFO o.a.j.p.h.s.HTTPHCAbstractImpl: Local host = Alexiss-MacBook-Pro.local
2018-02-01 23:15:22,420 INFO o.a.j.p.h.s.HTTPHC4Impl: HTTP request retry count = 0
2018-02-01 23:15:27,295 ERROR o.a.j.v.b.g.TextGraphiteMetricsSender: Error writing to Graphite: Connection refused (Connectio2018-02-01 23:16:42,143 WARN o.a.j.r.ResultCollector: /Users/alexis/www/myapps/node2micro/monolith/log-performance.jtl is empty
2018-02-01 23:16:51,868 WARN o.a.j.s.CSVSaveService: Error parsing field 'bytes' at line 2. java.lang.NumberFormatException: For input string: ""
2018-02-01 23:16:51,871 WARN o.a.j.r.ResultCollector: Problem reading JTL file: /Users/alexis/www/myapps/node2micro/monolith/log.jtl
2018-02-01 23:17:25,720 INFO o.a.j.e.StandardJMeterEngine: Running the test!
2018-02-01 23:17:25,722 INFO o.a.j.s.SampleEvent: List of sample_variables: []
2018-02-01 23:17:25,722 INFO o.a.j.s.SampleEvent: List of sample_variables: []
2018-02-01 23:17:25,790 INFO o.a.j.g.u.JMeterMenuBar: setRunning(true, *local*)
2018-02-01 23:17:26,410 INFO o.a.j.e.StandardJMeterEngine: Starting ThreadGroup: 1 : Scenario - Generate Data
2018-02-01 23:17:26,411 INFO o.a.j.e.StandardJMeterEngine: Starting 1 threads for group Scenario - Generate Data.
2018-02-01 23:17:26,412 INFO o.a.j.e.StandardJMeterEngine: Thread will continue on error
2018-02-01 23:17:26,413 INFO o.a.j.t.ThreadGroup: Starting thread group... number=1 threads=1 ramp-up=1 perThread=1000.0 delayedStart=false
2018-02-01 23:17:26,421 INFO o.a.j.t.ThreadGroup: Started thread group number 1
2018-02-01 23:17:26,421 INFO o.a.j.e.StandardJMeterEngine: Waiting for thread group: Scenario - Generate Data to finish before starting next group
2018-02-01 23:17:26,427 INFO o.a.j.t.JMeterThread: Thread started: Scenario - Generate Data 1-1
2018-02-01 23:17:26,463 INFO o.a.j.p.h.s.HTTPHCAbstractImpl: Local host = Alexiss-MacBook-Pro.local
2018-02-01 23:17:26,497 INFO o.a.j.p.h.s.HTTPHC4Impl: HTTP request retry count = 0
2018-02-01 23:17:37,779 INFO o.a.j.t.JMeterThread: Thread is done: Scenario - Generate Data 1-1
2018-02-01 23:17:37,780 INFO o.a.j.t.JMeterThread: Thread finished: Scenario - Generate Data 1-1
2018-02-01 23:17:37,780 INFO o.a.j.e.StandardJMeterEngine: Starting ThreadGroup: 2 : Scenario - Get Data
2018-02-01 23:17:37,781 INFO o.a.j.e.StandardJMeterEngine: Starting 10 threads for group Scenario - Get Data.
2018-02-01 23:17:37,781 INFO o.a.j.e.StandardJMeterEngine: Thread will continue on error
2018-02-01 23:17:37,781 INFO o.a.j.t.ThreadGroup: Starting thread group... number=2 threads=10 ramp-up=2 perThread=200.0 delayedStart=false
2018-02-01 23:17:37,792 INFO o.a.j.t.ThreadGroup: Started thread group number 2
2018-02-01 23:17:37,792 INFO o.a.j.e.StandardJMeterEngine: All thread groups have been started
2018-02-01 23:17:38,781 INFO o.a.j.t.JMeterThread: Thread started: Scenario - Get Data 2-1
2018-02-01 23:17:38,984 INFO o.a.j.t.JMeterThread: Thread started: Scenario - Get Data 2-2
2018-02-01 23:17:39,182 INFO o.a.j.t.JMeterThread: Thread started: Scenario - Get Data 2-3
2018-02-01 23:17:39,382 INFO o.a.j.t.JMeterThread: Thread started: Scenario - Get Data 2-4
2018-02-01 23:17:39,584 INFO o.a.j.t.JMeterThread: Thread started: Scenario - Get Data 2-5
2018-02-01 23:17:39,785 INFO o.a.j.t.JMeterThread: Thread started: Scenario - Get Data 2-6
2018-02-01 23:17:39,983 INFO o.a.j.t.JMeterThread: Thread started: Scenario - Get Data 2-7
2018-02-01 23:17:40,183 INFO o.a.j.t.JMeterThread: Thread started: Scenario - Get Data 2-8
2018-02-01 23:17:40,382 INFO o.a.j.t.JMeterThread: Thread started: Scenario - Get Data 2-9
2018-02-01 23:17:40,584 INFO o.a.j.t.JMeterThread: Thread started: Scenario - Get Data 2-10
2018-02-01 23:18:07,812 INFO o.a.j.t.JMeterThread: Thread finished: Scenario - Get Data 2-3
2018-02-01 23:18:07,818 ERROR o.a.j.JMeter: Uncaught exception: 
java.lang.OutOfMemoryError: Java heap space
	at java.util.Arrays.copyOf(Arrays.java:3236) ~[?:1.8.0_152]
	at java.io.ByteArrayOutputStream.grow(ByteArrayOutputStream.java:118) ~[?:1.8.0_152]
	at java.io.ByteArrayOutputStream.ensureCapacity(ByteArrayOutputStream.java:93) ~[?:1.8.0_152]
	at java.io.ByteArrayOutputStream.write(ByteArrayOutputStream.java:153) ~[?:1.8.0_152]
	at org.apache.jmeter.protocol.http.sampler.HTTPSamplerBase.readResponse(HTTPSamplerBase.java:1833) ~[ApacheJMeter_http.jar:3.3 r1808647]
	at org.apache.jmeter.protocol.http.sampler.HTTPAbstractImpl.readResponse(HTTPAbstractImpl.java:440) ~[ApacheJMeter_http.jar:3.3 r1808647]
	at org.apache.jmeter.protocol.http.sampler.HTTPHC4Impl.sample(HTTPHC4Impl.java:474) ~[ApacheJMeter_http.jar:3.3 r1808647]
	at org.apache.jmeter.protocol.http.sampler.HTTPSamplerProxy.sample(HTTPSamplerProxy.java:74) ~[ApacheJMeter_http.jar:3.3 r1808647]
	at org.apache.jmeter.protocol.http.sampler.HTTPSamplerBase.sample(HTTPSamplerBase.java:1189) ~[ApacheJMeter_http.jar:3.3 r1808647]
	at org.apache.jmeter.protocol.http.sampler.HTTPSamplerBase.sample(HTTPSamplerBase.java:1178) ~[ApacheJMeter_http.jar:3.3 r1808647]
	at org.apache.jmeter.threads.JMeterThread.executeSamplePackage(JMeterThread.java:498) ~[ApacheJMeter_core.jar:3.3 r1808647]
	at org.apache.jmeter.threads.JMeterThread.processSampler(JMeterThread.java:424) ~[ApacheJMeter_core.jar:3.3 r1808647]
	at org.apache.jmeter.threads.JMeterThread.run(JMeterThread.java:255) ~[ApacheJMeter_core.jar:3.3 r1808647]
	at java.lang.Thread.run(Thread.java:748) [?:1.8.0_152]
2018-02-01 23:18:09,175 INFO o.a.j.t.JMeterThread: Thread finished: Scenario - Get Data 2-7
2018-02-01 23:18:09,176 ERROR o.a.j.JMeter: Uncaught exception: 
java.lang.OutOfMemoryError: Java heap space
	at java.util.Arrays.copyOf(Arrays.java:3236) ~[?:1.8.0_152]
	at java.io.ByteArrayOutputStream.grow(ByteArrayOutputStream.java:118) ~[?:1.8.0_152]
	at java.io.ByteArrayOutputStream.ensureCapacity(ByteArrayOutputStream.java:93) ~[?:1.8.0_152]
	at java.io.ByteArrayOutputStream.write(ByteArrayOutputStream.java:153) ~[?:1.8.0_152]
	at org.apache.jmeter.protocol.http.sampler.HTTPSamplerBase.readResponse(HTTPSamplerBase.java:1833) ~[ApacheJMeter_http.jar:3.3 r1808647]
	at org.apache.jmeter.protocol.http.sampler.HTTPAbstractImpl.readResponse(HTTPAbstractImpl.java:440) ~[ApacheJMeter_http.jar:3.3 r1808647]
	at org.apache.jmeter.protocol.http.sampler.HTTPHC4Impl.sample(HTTPHC4Impl.java:474) ~[ApacheJMeter_http.jar:3.3 r1808647]
	at org.apache.jmeter.protocol.http.sampler.HTTPSamplerProxy.sample(HTTPSamplerProxy.java:74) ~[ApacheJMeter_http.jar:3.3 r1808647]
	at org.apache.jmeter.protocol.http.sampler.HTTPSamplerBase.sample(HTTPSamplerBase.java:1189) ~[ApacheJMeter_http.jar:3.3 r1808647]
	at org.apache.jmeter.protocol.http.sampler.HTTPSamplerBase.sample(HTTPSamplerBase.java:1178) ~[ApacheJMeter_http.jar:3.3 r1808647]
	at org.apache.jmeter.threads.JMeterThread.executeSamplePackage(JMeterThread.java:498) ~[ApacheJMeter_core.jar:3.3 r1808647]
	at org.apache.jmeter.threads.JMeterThread.processSampler(JMeterThread.java:424) ~[ApacheJMeter_core.jar:3.3 r1808647]
	at org.apache.jmeter.threads.JMeterThread.run(JMeterThread.java:255) ~[ApacheJMeter_core.jar:3.3 r1808647]
	at java.lang.Thread.run(Thread.java:748) [?:1.8.0_152]
2018-02-01 23:18:15,777 INFO o.a.j.t.JMeterThread: Thread finished: Scenario - Get Data 2-1
2018-02-01 23:18:15,780 ERROR o.a.j.JMeter: Uncaught exception: 
java.lang.OutOfMemoryError: Java heap space
	at java.util.Arrays.copyOf(Arrays.java:3236) ~[?:1.8.0_152]
	at java.io.ByteArrayOutputStream.grow(ByteArrayOutputStream.java:118) ~[?:1.8.0_152]
	at java.io.ByteArrayOutputStream.ensureCapacity(ByteArrayOutputStream.java:93) ~[?:1.8.0_152]
	at java.io.ByteArrayOutputStream.write(ByteArrayOutputStream.java:153) ~[?:1.8.0_152]
	at org.apache.jmeter.protocol.http.sampler.HTTPSamplerBase.readResponse(HTTPSamplerBase.java:1833) ~[ApacheJMeter_http.jar:3.3 r1808647]
	at org.apache.jmeter.protocol.http.sampler.HTTPAbstractImpl.readResponse(HTTPAbstractImpl.java:440) ~[ApacheJMeter_http.jar:3.3 r1808647]
	at org.apache.jmeter.protocol.http.sampler.HTTPHC4Impl.sample(HTTPHC4Impl.java:474) ~[ApacheJMeter_http.jar:3.3 r1808647]
	at org.apache.jmeter.protocol.http.sampler.HTTPSamplerProxy.sample(HTTPSamplerProxy.java:74) ~[ApacheJMeter_http.jar:3.3 r1808647]
	at org.apache.jmeter.protocol.http.sampler.HTTPSamplerBase.sample(HTTPSamplerBase.java:1189) ~[ApacheJMeter_http.jar:3.3 r1808647]
	at org.apache.jmeter.protocol.http.sampler.HTTPSamplerBase.sample(HTTPSamplerBase.java:1178) ~[ApacheJMeter_http.jar:3.3 r1808647]
	at org.apache.jmeter.threads.JMeterThread.executeSamplePackage(JMeterThread.java:498) ~[ApacheJMeter_core.jar:3.3 r1808647]
	at org.apache.jmeter.threads.JMeterThread.processSampler(JMeterThread.java:424) ~[ApacheJMeter_core.jar:3.3 r1808647]
	at org.apache.jmeter.threads.JMeterThread.run(JMeterThread.java:255) ~[ApacheJMeter_core.jar:3.3 r1808647]
	at java.lang.Thread.run(Thread.java:748) [?:1.8.0_152]
2018-02-01 23:18:17,969 INFO o.a.j.t.JMeterThread: Thread finished: Scenario - Get Data 2-4
2018-02-01 23:18:17,969 ERROR o.a.j.JMeter: Uncaught exception: 
java.lang.OutOfMemoryError: Java heap space
2018-02-01 23:18:18,814 INFO o.a.j.t.JMeterThread: Thread finished: Scenario - Get Data 2-8
2018-02-01 23:18:18,814 ERROR o.a.j.JMeter: Uncaught exception: 
java.lang.OutOfMemoryError: Java heap space
2018-02-01 23:18:19,184 INFO o.a.j.t.JMeterThread: Thread finished: Scenario - Get Data 2-6
2018-02-01 23:18:19,184 ERROR o.a.j.JMeter: Uncaught exception: 
java.lang.OutOfMemoryError: Java heap space
2018-02-01 23:18:19,230 INFO o.a.j.t.JMeterThread: Thread finished: Scenario - Get Data 2-2
2018-02-01 23:18:19,230 ERROR o.a.j.JMeter: Uncaught exception: 
java.lang.OutOfMemoryError: Java heap space
	at java.util.Arrays.copyOf(Arrays.java:3236) ~[?:1.8.0_152]
	at java.io.ByteArrayOutputStream.grow(ByteArrayOutputStream.java:118) ~[?:1.8.0_152]
	at java.io.ByteArrayOutputStream.ensureCapacity(ByteArrayOutputStream.java:93) ~[?:1.8.0_152]
	at java.io.ByteArrayOutputStream.write(ByteArrayOutputStream.java:153) ~[?:1.8.0_152]
	at org.apache.jmeter.protocol.http.sampler.HTTPSamplerBase.readResponse(HTTPSamplerBase.java:1833) ~[ApacheJMeter_http.jar:3.3 r1808647]
	at org.apache.jmeter.protocol.http.sampler.HTTPAbstractImpl.readResponse(HTTPAbstractImpl.java:440) ~[ApacheJMeter_http.jar:3.3 r1808647]
	at org.apache.jmeter.protocol.http.sampler.HTTPHC4Impl.sample(HTTPHC4Impl.java:474) ~[ApacheJMeter_http.jar:3.3 r1808647]
	at org.apache.jmeter.protocol.http.sampler.HTTPSamplerProxy.sample(HTTPSamplerProxy.java:74) ~[ApacheJMeter_http.jar:3.3 r1808647]
	at org.apache.jmeter.protocol.http.sampler.HTTPSamplerBase.sample(HTTPSamplerBase.java:1189) ~[ApacheJMeter_http.jar:3.3 r1808647]
	at org.apache.jmeter.protocol.http.sampler.HTTPSamplerBase.sample(HTTPSamplerBase.java:1178) ~[ApacheJMeter_http.jar:3.3 r1808647]
	at org.apache.jmeter.threads.JMeterThread.executeSamplePackage(JMeterThread.java:498) ~[ApacheJMeter_core.jar:3.3 r1808647]
	at org.apache.jmeter.threads.JMeterThread.processSampler(JMeterThread.java:424) ~[ApacheJMeter_core.jar:3.3 r1808647]
	at org.apache.jmeter.threads.JMeterThread.run(JMeterThread.java:255) ~[ApacheJMeter_core.jar:3.3 r1808647]
	at java.lang.Thread.run(Thread.java:748) [?:1.8.0_152]
2018-02-01 23:18:21,174 INFO o.a.j.t.JMeterThread: Thread finished: Scenario - Get Data 2-5
2018-02-01 23:18:21,174 ERROR o.a.j.JMeter: Uncaught exception: 
java.lang.OutOfMemoryError: Java heap space
2018-02-01 23:18:21,193 INFO o.a.j.t.JMeterThread: Thread finished: Scenario - Get Data 2-10
2018-02-01 23:18:21,194 ERROR o.a.j.JMeter: Uncaught exception: 
java.lang.OutOfMemoryError: Java heap space
2018-02-01 23:18:21,350 INFO o.a.j.t.JMeterThread: Thread finished: Scenario - Get Data 2-9
2018-02-01 23:18:21,350 ERROR o.a.j.JMeter: Uncaught exception: 
java.lang.OutOfMemoryError: Java heap space
2018-02-01 23:18:21,351 INFO o.a.j.e.StandardJMeterEngine: Notifying test listeners of end of test
2018-02-01 23:18:21,354 INFO o.a.j.g.u.JMeterMenuBar: setRunning(false, *local*)
3:16:26,255 ERROR o.a.j.v.b.g.TextGraphiteMetricsSender: Error writing to Graphite: Connection refused (Connection refused)
2018-02-01 23:16:26,259 INFO o.a.j.r.Summariser: summary +      3 in 00:00:52 =    0.1/s Avg: 12926 Min:  7199 Max: 23834 Err:     1 (33.33%) Active: 0 Started: 11 Finished: 11
2018-02-01 23:16:26,259 INFO o.a.j.r.Summariser: summary =      6 in 00:01:04 =    0.1/s Avg:  8460 Min:  2505 Max: 23834 Err:     1 (16.67%)
